# JRE version: Java(TM) SE Runtime Environment (8.0_111-b14) (build 1.8.0_111-b14)
# Java VM: Java HotSpot(TM) 64-Bit Server VM (25.111-b14 mixed mode windows-amd64 compressed oops)
Heap:
 PSYoungGen      total 1154048K, used 947969K [0x000000076b180000, 0x00000007b8680000, 0x00000007c0000000)
  eden space 1079296K, 80% used [0x000000076b180000,0x00000007a0643b30,0x00000007acf80000)
  from space 74752K, 99% used [0x00000007b2f80000,0x00000007b787cb70,0x00000007b7880000)
  to   space 93696K, 0% used [0x00000007acf80000,0x00000007acf80000,0x00000007b2b00000)
 ParOldGen       total 313344K, used 169167K [0x00000006c1400000, 0x00000006d4600000, 0x000000076b180000)
  object space 313344K, 53% used [0x00000006c1400000,0x00000006cb933c28,0x00000006d4600000)
 Metaspace       used 59686K, capacity 60331K, committed 60928K, reserved 1101824K
  class space    used 7962K, capacity 8179K, committed 8192K, reserved 1048576K
GC Heap History (10 events):
Event: 17.580 GC heap before
{Heap before GC invocations=13 (full 2):
 PSYoungGen      total 693760K, used 681831K [0x000000076b180000, 0x000000079fe00000, 0x00000007c0000000)
  eden space 655872K, 98% used [0x000000076b180000,0x000000079265cd08,0x0000000793200000)
  from space 37888K, 99% used [0x000000079d900000,0x000000079fdfd280,0x000000079fe00000)
  to   space 43008K, 0% used [0x000000079aa00000,0x000000079aa00000,0x000000079d400000)
 ParOldGen       total 160256K, used 55509K [0x00000006c1400000, 0x00000006cb080000, 0x000000076b180000)
  object space 160256K, 34% used [0x00000006c1400000,0x00000006c4a35458,0x00000006cb080000)
 Metaspace       used 36265K, capacity 36593K, committed 36980K, reserved 1081344K
  class space    used 4891K, capacity 5034K, committed 5120K, reserved 1048576K
Event: 17.646 GC heap after
Heap after GC invocations=13 (full 2):
 PSYoungGen      total 821760K, used 42988K [0x000000076b180000, 0x00000007a9680000, 0x00000007c0000000)
  eden space 778752K, 0% used [0x000000076b180000,0x000000076b180000,0x000000079aa00000)
  from space 43008K, 99% used [0x000000079aa00000,0x000000079d3fb0a0,0x000000079d400000)
  to   space 69632K, 0% used [0x00000007a5280000,0x00000007a5280000,0x00000007a9680000)
 ParOldGen       total 160256K, used 113356K [0x00000006c1400000, 0x00000006cb080000, 0x000000076b180000)
  object space 160256K, 70% used [0x00000006c1400000,0x00000006c82b33d0,0x00000006cb080000)
 Metaspace       used 36265K, capacity 36593K, committed 36980K, reserved 1081344K
  class space    used 4891K, capacity 5034K, committed 5120K, reserved 1048576K
}
Event: 17.646 GC heap before
{Heap before GC invocations=14 (full 3):
 PSYoungGen      total 821760K, used 42988K [0x000000076b180000, 0x00000007a9680000, 0x00000007c0000000)
  eden space 778752K, 0% used [0x000000076b180000,0x000000076b180000,0x000000079aa00000)
  from space 43008K, 99% used [0x000000079aa00000,0x000000079d3fb0a0,0x000000079d400000)
  to   space 69632K, 0% used [0x00000007a5280000,0x00000007a5280000,0x00000007a9680000)
 ParOldGen       total 160256K, used 113356K [0x00000006c1400000, 0x00000006cb080000, 0x000000076b180000)
  object space 160256K, 70% used [0x00000006c1400000,0x00000006c82b33d0,0x00000006cb080000)
 Metaspace       used 36265K, capacity 36593K, committed 36980K, reserved 1081344K
  class space    used 4891K, capacity 5034K, committed 5120K, reserved 1048576K
Event: 17.980 GC heap after
Heap after GC invocations=14 (full 3):
 PSYoungGen      total 821760K, used 0K [0x000000076b180000, 0x00000007a9680000, 0x00000007c0000000)
  eden space 778752K, 0% used [0x000000076b180000,0x000000076b180000,0x000000079aa00000)
  from space 43008K, 0% used [0x000000079aa00000,0x000000079aa00000,0x000000079d400000)
  to   space 69632K, 0% used [0x00000007a5280000,0x00000007a5280000,0x00000007a9680000)
 ParOldGen       total 313344K, used 146248K [0x00000006c1400000, 0x00000006d4600000, 0x000000076b180000)
  object space 313344K, 46% used [0x00000006c1400000,0x00000006ca2d21f0,0x00000006d4600000)
 Metaspace       used 36265K, capacity 36593K, committed 36980K, reserved 1081344K
  class space    used 4891K, capacity 5034K, committed 5120K, reserved 1048576K
}
Event: 22.417 GC heap before
{Heap before GC invocations=15 (full 3):
 PSYoungGen      total 821760K, used 778752K [0x000000076b180000, 0x00000007a9680000, 0x00000007c0000000)
  eden space 778752K, 100% used [0x000000076b180000,0x000000079aa00000,0x000000079aa00000)
  from space 43008K, 0% used [0x000000079aa00000,0x000000079aa00000,0x000000079d400000)
  to   space 69632K, 0% used [0x00000007a5280000,0x00000007a5280000,0x00000007a9680000)
 ParOldGen       total 313344K, used 146248K [0x00000006c1400000, 0x00000006d4600000, 0x000000076b180000)
  object space 313344K, 46% used [0x00000006c1400000,0x00000006ca2d21f0,0x00000006d4600000)
 Metaspace       used 46769K, capacity 47347K, committed 48000K, reserved 1091584K
  class space    used 6459K, capacity 6685K, committed 6784K, reserved 1048576K
Event: 22.445 GC heap after
Heap after GC invocations=15 (full 3):
 PSYoungGen      total 951808K, used 41249K [0x000000076b180000, 0x00000007afe00000, 0x00000007c0000000)
  eden space 882176K, 0% used [0x000000076b180000,0x000000076b180000,0x00000007a0f00000)
  from space 69632K, 59% used [0x00000007a5280000,0x00000007a7ac8788,0x00000007a9680000)
  to   space 69120K, 0% used [0x00000007a0f00000,0x00000007a0f00000,0x00000007a5280000)
 ParOldGen       total 313344K, used 146256K [0x00000006c1400000, 0x00000006d4600000, 0x000000076b180000)
  object space 313344K, 46% used [0x00000006c1400000,0x00000006ca2d41f0,0x00000006d4600000)
 Metaspace       used 46769K, capacity 47347K, committed 48000K, reserved 1091584K
  class space    used 6459K, capacity 6685K, committed 6784K, reserved 1048576K
}
Event: 26.115 GC heap before
{Heap before GC invocations=16 (full 3):
 PSYoungGen      total 951808K, used 923425K [0x000000076b180000, 0x00000007afe00000, 0x00000007c0000000)
  eden space 882176K, 100% used [0x000000076b180000,0x00000007a0f00000,0x00000007a0f00000)
  from space 69632K, 59% used [0x00000007a5280000,0x00000007a7ac8788,0x00000007a9680000)
  to   space 69120K, 0% used [0x00000007a0f00000,0x00000007a0f00000,0x00000007a5280000)
 ParOldGen       total 313344K, used 146256K [0x00000006c1400000, 0x00000006d4600000, 0x000000076b180000)
  object space 313344K, 46% used [0x00000006c1400000,0x00000006ca2d41f0,0x00000006d4600000)
 Metaspace       used 54894K, capacity 55379K, committed 55808K, reserved 1097728K
  class space    used 7483K, capacity 7675K, committed 7680K, reserved 1048576K
Event: 26.151 GC heap after
Heap after GC invocations=16 (full 3):
 PSYoungGen      total 951296K, used 56441K [0x000000076b180000, 0x00000007b7880000, 0x00000007c0000000)
  eden space 882176K, 0% used [0x000000076b180000,0x000000076b180000,0x00000007a0f00000)
  from space 69120K, 81% used [0x00000007a0f00000,0x00000007a461e620,0x00000007a5280000)
  to   space 74752K, 0% used [0x00000007b2f80000,0x00000007b2f80000,0x00000007b7880000)
 ParOldGen       total 313344K, used 146264K [0x00000006c1400000, 0x00000006d4600000, 0x000000076b180000)
  object space 313344K, 46% used [0x00000006c1400000,0x00000006ca2d61f0,0x00000006d4600000)
 Metaspace       used 54894K, capacity 55379K, committed 55808K, reserved 1097728K
  class space    used 7483K, capacity 7675K, committed 7680K, reserved 1048576K
}
Event: 40.236 GC heap before
{Heap before GC invocations=17 (full 3):
 PSYoungGen      total 951296K, used 938617K [0x000000076b180000, 0x00000007b7880000, 0x00000007c0000000)
  eden space 882176K, 100% used [0x000000076b180000,0x00000007a0f00000,0x00000007a0f00000)
  from space 69120K, 81% used [0x00000007a0f00000,0x00000007a461e620,0x00000007a5280000)
  to   space 74752K, 0% used [0x00000007b2f80000,0x00000007b2f80000,0x00000007b7880000)
 ParOldGen       total 313344K, used 146264K [0x00000006c1400000, 0x00000006d4600000, 0x000000076b180000)
  object space 313344K, 46% used [0x00000006c1400000,0x00000006ca2d61f0,0x00000006d4600000)
 Metaspace       used 56585K, capacity 57153K, committed 57728K, reserved 1099776K
  class space    used 7616K, capacity 7784K, committed 7808K, reserved 1048576K
Event: 40.308 GC heap after
Heap after GC invocations=17 (full 3):
 PSYoungGen      total 1154048K, used 74738K [0x000000076b180000, 0x00000007b8680000, 0x00000007c0000000)
  eden space 1079296K, 0% used [0x000000076b180000,0x000000076b180000,0x00000007acf80000)
  from space 74752K, 99% used [0x00000007b2f80000,0x00000007b787cb70,0x00000007b7880000)
  to   space 93696K, 0% used [0x00000007acf80000,0x00000007acf80000,0x00000007b2b00000)
 ParOldGen       total 313344K, used 169167K [0x00000006c1400000, 0x00000006d4600000, 0x000000076b180000)
  object space 313344K, 53% used [0x00000006c1400000,0x00000006cb933c28,0x00000006d4600000)
 Metaspace       used 56585K, capacity 57153K, committed 57728K, reserved 1099776K
  class space    used 7616K, capacity 7784K, committed 7808K, reserved 1048576K
}

