# JRE version: Java(TM) SE Runtime Environment (8.0_111-b14) (build 1.8.0_111-b14)
# Java VM: Java HotSpot(TM) 64-Bit Server VM (25.111-b14 mixed mode windows-amd64 compressed oops)
Heap:
 PSYoungGen      total 1307648K, used 1224192K [0x000000076b180000, 0x00000007c0000000, 0x00000007c0000000)
  eden space 1224192K, 100% used [0x000000076b180000,0x00000007b5d00000,0x00000007b5d00000)
  from space 83456K, 0% used [0x00000007b5d00000,0x00000007b5d00000,0x00000007bae80000)
  to   space 83456K, 99% used [0x00000007bae80000,0x00000007bfff8ab8,0x00000007c0000000)
 ParOldGen       total 489472K, used 489464K [0x00000006c1400000, 0x00000006df200000, 0x000000076b180000)
  object space 489472K, 99% used [0x00000006c1400000,0x00000006df1fe2f0,0x00000006df200000)
 Metaspace       used 65135K, capacity 65974K, committed 66244K, reserved 1105920K
  class space    used 8685K, capacity 8925K, committed 8960K, reserved 1048576K
GC Heap History (10 events):
Event: 26.636 GC heap after
Heap after GC invocations=15 (full 3):
 PSYoungGen      total 1102848K, used 44215K [0x000000076b180000, 0x00000007bc500000, 0x00000007c0000000)
  eden space 1033728K, 0% used [0x000000076b180000,0x000000076b180000,0x00000007aa300000)
  from space 69120K, 63% used [0x00000007ae780000,0x00000007b12addd8,0x00000007b2b00000)
  to   space 70144K, 0% used [0x00000007aa300000,0x00000007aa300000,0x00000007ae780000)
 ParOldGen       total 282624K, used 145599K [0x00000006c1400000, 0x00000006d2800000, 0x000000076b180000)
  object space 282624K, 51% used [0x00000006c1400000,0x00000006ca22ff18,0x00000006d2800000)
 Metaspace       used 47856K, capacity 48432K, committed 49012K, reserved 1091584K
  class space    used 6542K, capacity 6726K, committed 6784K, reserved 1048576K
}
Event: 39.988 GC heap before
{Heap before GC invocations=16 (full 3):
 PSYoungGen      total 1102848K, used 1077943K [0x000000076b180000, 0x00000007bc500000, 0x00000007c0000000)
  eden space 1033728K, 100% used [0x000000076b180000,0x00000007aa300000,0x00000007aa300000)
  from space 69120K, 63% used [0x00000007ae780000,0x00000007b12addd8,0x00000007b2b00000)
  to   space 70144K, 0% used [0x00000007aa300000,0x00000007aa300000,0x00000007ae780000)
 ParOldGen       total 282624K, used 145599K [0x00000006c1400000, 0x00000006d2800000, 0x000000076b180000)
  object space 282624K, 51% used [0x00000006c1400000,0x00000006ca22ff18,0x00000006d2800000)
 Metaspace       used 55569K, capacity 56090K, committed 56564K, reserved 1097728K
  class space    used 7490K, capacity 7677K, committed 7680K, reserved 1048576K
Event: 40.035 GC heap after
Heap after GC invocations=16 (full 3):
 PSYoungGen      total 1103872K, used 51872K [0x000000076b180000, 0x00000007c0000000, 0x00000007c0000000)
  eden space 1033728K, 0% used [0x000000076b180000,0x000000076b180000,0x00000007aa300000)
  from space 70144K, 73% used [0x00000007aa300000,0x00000007ad5a8270,0x00000007ae780000)
  to   space 73216K, 0% used [0x00000007bb880000,0x00000007bb880000,0x00000007c0000000)
 ParOldGen       total 282624K, used 171344K [0x00000006c1400000, 0x00000006d2800000, 0x000000076b180000)
  object space 282624K, 60% used [0x00000006c1400000,0x00000006cbb54170,0x00000006d2800000)
 Metaspace       used 55569K, capacity 56090K, committed 56564K, reserved 1097728K
  class space    used 7490K, capacity 7677K, committed 7680K, reserved 1048576K
}
Event: 47.786 GC heap before
{Heap before GC invocations=17 (full 3):
 PSYoungGen      total 1103872K, used 1085600K [0x000000076b180000, 0x00000007c0000000, 0x00000007c0000000)
  eden space 1033728K, 100% used [0x000000076b180000,0x00000007aa300000,0x00000007aa300000)
  from space 70144K, 73% used [0x00000007aa300000,0x00000007ad5a8270,0x00000007ae780000)
  to   space 73216K, 0% used [0x00000007bb880000,0x00000007bb880000,0x00000007c0000000)
 ParOldGen       total 282624K, used 171344K [0x00000006c1400000, 0x00000006d2800000, 0x000000076b180000)
  object space 282624K, 60% used [0x00000006c1400000,0x00000006cbb54170,0x00000006d2800000)
 Metaspace       used 58061K, capacity 58664K, committed 59124K, reserved 1099776K
  class space    used 7712K, capacity 7882K, committed 7936K, reserved 1048576K
Event: 47.853 GC heap after
Heap after GC invocations=17 (full 3):
 PSYoungGen      total 1297408K, used 72556K [0x000000076b180000, 0x00000007c0000000, 0x00000007c0000000)
  eden space 1224192K, 0% used [0x000000076b180000,0x000000076b180000,0x00000007b5d00000)
  from space 73216K, 99% used [0x00000007bb880000,0x00000007bff5b198,0x00000007c0000000)
  to   space 83456K, 0% used [0x00000007b5d00000,0x00000007b5d00000,0x00000007bae80000)
 ParOldGen       total 282624K, used 191947K [0x00000006c1400000, 0x00000006d2800000, 0x000000076b180000)
  object space 282624K, 67% used [0x00000006c1400000,0x00000006ccf72e50,0x00000006d2800000)
 Metaspace       used 58061K, capacity 58664K, committed 59124K, reserved 1099776K
  class space    used 7712K, capacity 7882K, committed 7936K, reserved 1048576K
}
Event: 50.454 GC heap before
{Heap before GC invocations=18 (full 3):
 PSYoungGen      total 1297408K, used 919224K [0x000000076b180000, 0x00000007c0000000, 0x00000007c0000000)
  eden space 1224192K, 69% used [0x000000076b180000,0x000000079ec52ee0,0x00000007b5d00000)
  from space 73216K, 99% used [0x00000007bb880000,0x00000007bff5b198,0x00000007c0000000)
  to   space 83456K, 0% used [0x00000007b5d00000,0x00000007b5d00000,0x00000007bae80000)
 ParOldGen       total 282624K, used 191947K [0x00000006c1400000, 0x00000006d2800000, 0x000000076b180000)
  object space 282624K, 67% used [0x00000006c1400000,0x00000006ccf72e50,0x00000006d2800000)
 Metaspace       used 60573K, capacity 61212K, committed 61636K, reserved 1103872K
  class space    used 7991K, capacity 8186K, committed 8192K, reserved 1048576K
Event: 50.549 GC heap after
Heap after GC invocations=18 (full 3):
 PSYoungGen      total 1307648K, used 83425K [0x000000076b180000, 0x00000007c0000000, 0x00000007c0000000)
  eden space 1224192K, 0% used [0x000000076b180000,0x000000076b180000,0x00000007b5d00000)
  from space 83456K, 99% used [0x00000007b5d00000,0x00000007bae78410,0x00000007bae80000)
  to   space 83456K, 0% used [0x00000007bae80000,0x00000007bae80000,0x00000007c0000000)
 ParOldGen       total 282624K, used 239461K [0x00000006c1400000, 0x00000006d2800000, 0x000000076b180000)
  object space 282624K, 84% used [0x00000006c1400000,0x00000006cfdd9480,0x00000006d2800000)
 Metaspace       used 60573K, capacity 61212K, committed 61636K, reserved 1103872K
  class space    used 7991K, capacity 8186K, committed 8192K, reserved 1048576K
}
Event: 50.549 GC heap before
{Heap before GC invocations=19 (full 4):
 PSYoungGen      total 1307648K, used 83425K [0x000000076b180000, 0x00000007c0000000, 0x00000007c0000000)
  eden space 1224192K, 0% used [0x000000076b180000,0x000000076b180000,0x00000007b5d00000)
  from space 83456K, 99% used [0x00000007b5d00000,0x00000007bae78410,0x00000007bae80000)
  to   space 83456K, 0% used [0x00000007bae80000,0x00000007bae80000,0x00000007c0000000)
 ParOldGen       total 282624K, used 239461K [0x00000006c1400000, 0x00000006d2800000, 0x000000076b180000)
  object space 282624K, 84% used [0x00000006c1400000,0x00000006cfdd9480,0x00000006d2800000)
 Metaspace       used 60573K, capacity 61212K, committed 61636K, reserved 1103872K
  class space    used 7991K, capacity 8186K, committed 8192K, reserved 1048576K
Event: 51.003 GC heap after
Heap after GC invocations=19 (full 4):
 PSYoungGen      total 1307648K, used 0K [0x000000076b180000, 0x00000007c0000000, 0x00000007c0000000)
  eden space 1224192K, 0% used [0x000000076b180000,0x000000076b180000,0x00000007b5d00000)
  from space 83456K, 0% used [0x00000007b5d00000,0x00000007b5d00000,0x00000007bae80000)
  to   space 83456K, 0% used [0x00000007bae80000,0x00000007bae80000,0x00000007c0000000)
 ParOldGen       total 448512K, used 272352K [0x00000006c1400000, 0x00000006dca00000, 0x000000076b180000)
  object space 448512K, 60% used [0x00000006c1400000,0x00000006d1df8280,0x00000006dca00000)
 Metaspace       used 60573K, capacity 61212K, committed 61636K, reserved 1103872K
  class space    used 7991K, capacity 8186K, committed 8192K, reserved 1048576K
}
Event: 62.224 GC heap before
{Heap before GC invocations=20 (full 4):
 PSYoungGen      total 1307648K, used 1224192K [0x000000076b180000, 0x00000007c0000000, 0x00000007c0000000)
  eden space 1224192K, 100% used [0x000000076b180000,0x00000007b5d00000,0x00000007b5d00000)
  from space 83456K, 0% used [0x00000007b5d00000,0x00000007b5d00000,0x00000007bae80000)
  to   space 83456K, 0% used [0x00000007bae80000,0x00000007bae80000,0x00000007c0000000)
 ParOldGen       total 448512K, used 272352K [0x00000006c1400000, 0x00000006dca00000, 0x000000076b180000)
  object space 448512K, 60% used [0x00000006c1400000,0x00000006d1df8280,0x00000006dca00000)
 Metaspace       used 65135K, capacity 65974K, committed 66244K, reserved 1105920K
  class space    used 8685K, capacity 8925K, committed 8960K, reserved 1048576K

